Device: cuda
--> Splitting data using NTU X-Sub protocol...

=== Dataset Summary ===
Total folders: 10
Train files: 17732 | Val files: 8202
========================

--> No valid checkpoint found or RESUME_PATH is None. Training from scratch.
Starting training for 400 epochs...
Ep 1| LR: 5.00e-05 | Train Loss: 4.1183 | Train Acc: 2.01% | Val Acc: 1.77%
Ep 2| LR: 1.00e-04 | Train Loss: 3.8543 | Train Acc: 5.02% | Val Acc: 8.78%
Ep 3| LR: 1.50e-04 | Train Loss: 3.6058 | Train Acc: 9.25% | Val Acc: 20.00%
Ep 4| LR: 2.00e-04 | Train Loss: 3.2348 | Train Acc: 19.79% | Val Acc: 29.36%
Ep 5| LR: 2.50e-04 | Train Loss: 2.9951 | Train Acc: 27.97% | Val Acc: 38.95%
Ep 6| LR: 3.00e-04 | Train Loss: 2.7675 | Train Acc: 34.47% | Val Acc: 48.17%
Ep 7| LR: 3.50e-04 | Train Loss: 2.5774 | Train Acc: 42.19% | Val Acc: 43.06%
Ep 8| LR: 4.00e-04 | Train Loss: 2.5144 | Train Acc: 44.87% | Val Acc: 51.63%
Ep 9| LR: 4.50e-04 | Train Loss: 2.4362 | Train Acc: 47.99% | Val Acc: 56.95%
Ep 10| LR: 5.00e-04 | Train Loss: 2.3448 | Train Acc: 52.10% | Val Acc: 62.31%
Ep 11| LR: 5.50e-04 | Train Loss: 2.2793 | Train Acc: 54.35% | Val Acc: 61.57%
Ep 12| LR: 6.00e-04 | Train Loss: 2.2226 | Train Acc: 57.00% | Val Acc: 64.85%
Ep 13| LR: 6.50e-04 | Train Loss: 2.1536 | Train Acc: 59.31% | Val Acc: 66.17%
Ep 14| LR: 7.00e-04 | Train Loss: 2.1384 | Train Acc: 60.24% | Val Acc: 66.31%
Ep 15| LR: 7.50e-04 | Train Loss: 2.0626 | Train Acc: 62.44% | Val Acc: 69.97%
Ep 16| LR: 8.00e-04 | Train Loss: 2.0652 | Train Acc: 62.81% | Val Acc: 71.47%
Ep 17| LR: 8.50e-04 | Train Loss: 2.0225 | Train Acc: 63.47% | Val Acc: 72.15%
Ep 18| LR: 9.00e-04 | Train Loss: 1.9641 | Train Acc: 66.69% | Val Acc: 72.88%
Ep 19| LR: 9.50e-04 | Train Loss: 1.9708 | Train Acc: 66.13% | Val Acc: 73.84%
Ep 20| LR: 1.00e-03 | Train Loss: 1.9237 | Train Acc: 67.30% | Val Acc: 73.84%
Ep 21| LR: 1.00e-03 | Train Loss: 1.8973 | Train Acc: 68.29% | Val Acc: 73.73%
Ep 22| LR: 1.00e-03 | Train Loss: 1.9482 | Train Acc: 67.70% | Val Acc: 75.26%
Ep 23| LR: 1.00e-03 | Train Loss: 1.9511 | Train Acc: 67.96% | Val Acc: 76.03%
Ep 24| LR: 1.00e-03 | Train Loss: 1.8775 | Train Acc: 69.57% | Val Acc: 74.73%
Ep 25| LR: 1.00e-03 | Train Loss: 1.8108 | Train Acc: 71.06% | Val Acc: 76.32%
Ep 26| LR: 9.99e-04 | Train Loss: 1.8261 | Train Acc: 71.70% | Val Acc: 76.82%
Ep 27| LR: 9.99e-04 | Train Loss: 1.7786 | Train Acc: 72.50% | Val Acc: 76.81%
Ep 28| LR: 9.99e-04 | Train Loss: 1.7900 | Train Acc: 72.34% | Val Acc: 77.79%
Ep 29| LR: 9.99e-04 | Train Loss: 1.8055 | Train Acc: 72.43% | Val Acc: 79.08%
Ep 30| LR: 9.98e-04 | Train Loss: 1.7544 | Train Acc: 74.13% | Val Acc: 78.64%
Ep 31| LR: 9.98e-04 | Train Loss: 1.7193 | Train Acc: 74.79% | Val Acc: 78.43%
Ep 32| LR: 9.98e-04 | Train Loss: 1.7430 | Train Acc: 74.94% | Val Acc: 77.87%
Ep 33| LR: 9.97e-04 | Train Loss: 1.7083 | Train Acc: 74.80% | Val Acc: 78.85%
Ep 34| LR: 9.97e-04 | Train Loss: 1.7897 | Train Acc: 73.66% | Val Acc: 78.63%
Ep 35| LR: 9.96e-04 | Train Loss: 1.6898 | Train Acc: 75.39% | Val Acc: 78.77%
Ep 36| LR: 9.96e-04 | Train Loss: 1.7001 | Train Acc: 75.88% | Val Acc: 78.27%
Ep 37| LR: 9.95e-04 | Train Loss: 1.6645 | Train Acc: 76.85% | Val Acc: 78.66%
Ep 38| LR: 9.94e-04 | Train Loss: 1.6690 | Train Acc: 77.70% | Val Acc: 80.66%
Ep 39| LR: 9.94e-04 | Train Loss: 1.6409 | Train Acc: 77.50% | Val Acc: 80.24%
Ep 40| LR: 9.93e-04 | Train Loss: 1.6619 | Train Acc: 77.50% | Val Acc: 79.64%
Ep 41| LR: 9.92e-04 | Train Loss: 1.6922 | Train Acc: 77.06% | Val Acc: 79.09%
Ep 42| LR: 9.92e-04 | Train Loss: 1.6068 | Train Acc: 78.54% | Val Acc: 78.86%
Ep 43| LR: 9.91e-04 | Train Loss: 1.5865 | Train Acc: 79.79% | Val Acc: 79.61%
Ep 44| LR: 9.90e-04 | Train Loss: 1.6244 | Train Acc: 77.93% | Val Acc: 80.16%
Ep 45| LR: 9.89e-04 | Train Loss: 1.6227 | Train Acc: 78.60% | Val Acc: 80.05%
Ep 46| LR: 9.88e-04 | Train Loss: 1.6241 | Train Acc: 78.08% | Val Acc: 80.05%
Ep 47| LR: 9.88e-04 | Train Loss: 1.6129 | Train Acc: 78.88% | Val Acc: 78.98%
Ep 48| LR: 9.87e-04 | Train Loss: 1.6449 | Train Acc: 78.33% | Val Acc: 79.93%
Ep 49| LR: 9.86e-04 | Train Loss: 1.5524 | Train Acc: 80.09% | Val Acc: 79.98%
Ep 50| LR: 9.85e-04 | Train Loss: 1.5942 | Train Acc: 79.64% | Val Acc: 80.36%
Ep 51| LR: 9.84e-04 | Train Loss: 1.5554 | Train Acc: 81.11% | Val Acc: 80.41%
Ep 52| LR: 9.83e-04 | Train Loss: 1.5389 | Train Acc: 80.77% | Val Acc: 81.21%
Ep 53| LR: 9.82e-04 | Train Loss: 1.6002 | Train Acc: 79.34% | Val Acc: 80.27%
Ep 54| LR: 9.80e-04 | Train Loss: 1.5849 | Train Acc: 79.94% | Val Acc: 80.66%
Ep 55| LR: 9.79e-04 | Train Loss: 1.6062 | Train Acc: 79.62% | Val Acc: 79.57%
Ep 56| LR: 9.78e-04 | Train Loss: 1.5313 | Train Acc: 81.30% | Val Acc: 80.35%
Ep 57| LR: 9.77e-04 | Train Loss: 1.5487 | Train Acc: 81.33% | Val Acc: 81.66%
Ep 58| LR: 9.76e-04 | Train Loss: 1.5781 | Train Acc: 80.09% | Val Acc: 81.35%
Ep 59| LR: 9.74e-04 | Train Loss: 1.6106 | Train Acc: 79.61% | Val Acc: 80.38%
Ep 60| LR: 9.73e-04 | Train Loss: 1.4926 | Train Acc: 83.09% | Val Acc: 80.83%
Ep 61| LR: 9.72e-04 | Train Loss: 1.5059 | Train Acc: 82.33% | Val Acc: 79.65%
Ep 62| LR: 9.70e-04 | Train Loss: 1.5838 | Train Acc: 80.22% | Val Acc: 80.47%
Ep 63| LR: 9.69e-04 | Train Loss: 1.5080 | Train Acc: 82.40% | Val Acc: 80.79%
Ep 64| LR: 9.67e-04 | Train Loss: 1.5819 | Train Acc: 80.31% | Val Acc: 80.81%
Ep 65| LR: 9.66e-04 | Train Loss: 1.4965 | Train Acc: 82.34% | Val Acc: 80.81%
Ep 66| LR: 9.64e-04 | Train Loss: 1.5166 | Train Acc: 82.31% | Val Acc: 82.18%
Ep 67| LR: 9.63e-04 | Train Loss: 1.4603 | Train Acc: 84.00% | Val Acc: 81.65%
Ep 68| LR: 9.61e-04 | Train Loss: 1.4966 | Train Acc: 83.03% | Val Acc: 81.49%
Ep 69| LR: 9.60e-04 | Train Loss: 1.4727 | Train Acc: 83.27% | Val Acc: 82.31%
Ep 70| LR: 9.58e-04 | Train Loss: 1.4357 | Train Acc: 84.32% | Val Acc: 81.94%
Ep 71| LR: 9.56e-04 | Train Loss: 1.4883 | Train Acc: 83.63% | Val Acc: 81.25%
Ep 72| LR: 9.55e-04 | Train Loss: 1.5525 | Train Acc: 81.40% | Val Acc: 81.35%
Ep 73| LR: 9.53e-04 | Train Loss: 1.4434 | Train Acc: 85.00% | Val Acc: 81.49%
Ep 74| LR: 9.51e-04 | Train Loss: 1.4355 | Train Acc: 84.36% | Val Acc: 82.33%
Ep 75| LR: 9.49e-04 | Train Loss: 1.4841 | Train Acc: 83.65% | Val Acc: 83.20%
Ep 76| LR: 9.47e-04 | Train Loss: 1.4607 | Train Acc: 83.93% | Val Acc: 81.89%
Ep 77| LR: 9.46e-04 | Train Loss: 1.4787 | Train Acc: 83.11% | Val Acc: 82.22%
Ep 78| LR: 9.44e-04 | Train Loss: 1.4675 | Train Acc: 84.10% | Val Acc: 82.21%
Ep 79| LR: 9.42e-04 | Train Loss: 1.4974 | Train Acc: 82.64% | Val Acc: 82.39%
Ep 80| LR: 9.40e-04 | Train Loss: 1.5257 | Train Acc: 81.72% | Val Acc: 82.07%
Ep 81| LR: 9.38e-04 | Train Loss: 1.4964 | Train Acc: 83.17% | Val Acc: 82.47%
Ep 82| LR: 9.36e-04 | Train Loss: 1.4068 | Train Acc: 85.62% | Val Acc: 81.25%
Ep 83| LR: 9.34e-04 | Train Loss: 1.5301 | Train Acc: 82.68% | Val Acc: 82.41%
Ep 84| LR: 9.32e-04 | Train Loss: 1.4498 | Train Acc: 84.51% | Val Acc: 81.43%
Ep 85| LR: 9.30e-04 | Train Loss: 1.4224 | Train Acc: 85.06% | Val Acc: 83.44%
Ep 86| LR: 9.27e-04 | Train Loss: 1.4470 | Train Acc: 84.91% | Val Acc: 82.83%
Ep 87| LR: 9.25e-04 | Train Loss: 1.4844 | Train Acc: 83.12% | Val Acc: 81.93%
Ep 88| LR: 9.23e-04 | Train Loss: 1.5242 | Train Acc: 82.84% | Val Acc: 81.93%
Ep 89| LR: 9.21e-04 | Train Loss: 1.4802 | Train Acc: 84.05% | Val Acc: 81.71%
Ep 90| LR: 9.19e-04 | Train Loss: 1.3653 | Train Acc: 87.07% | Val Acc: 82.30%
Ep 91| LR: 9.16e-04 | Train Loss: 1.4143 | Train Acc: 85.88% | Val Acc: 83.31%
Ep 92| LR: 9.14e-04 | Train Loss: 1.4545 | Train Acc: 84.34% | Val Acc: 82.69%
Ep 93| LR: 9.12e-04 | Train Loss: 1.3440 | Train Acc: 87.76% | Val Acc: 83.41%
Ep 94| LR: 9.09e-04 | Train Loss: 1.3701 | Train Acc: 86.26% | Val Acc: 82.59%
Ep 95| LR: 9.07e-04 | Train Loss: 1.4645 | Train Acc: 84.92% | Val Acc: 83.08%
Ep 96| LR: 9.05e-04 | Train Loss: 1.4463 | Train Acc: 84.83% | Val Acc: 83.08%
Ep 97| LR: 9.02e-04 | Train Loss: 1.4350 | Train Acc: 84.88% | Val Acc: 82.92%
Ep 98| LR: 9.00e-04 | Train Loss: 1.4222 | Train Acc: 86.04% | Val Acc: 83.20%
Ep 99| LR: 8.97e-04 | Train Loss: 1.3804 | Train Acc: 85.87% | Val Acc: 83.17%
Ep 100| LR: 8.95e-04 | Train Loss: 1.4721 | Train Acc: 84.00% | Val Acc: 82.09%
Ep 101| LR: 8.92e-04 | Train Loss: 1.3697 | Train Acc: 86.85% | Val Acc: 83.97%
Ep 102| LR: 8.89e-04 | Train Loss: 1.4482 | Train Acc: 84.76% | Val Acc: 82.33%
Ep 103| LR: 8.87e-04 | Train Loss: 1.4606 | Train Acc: 84.25% | Val Acc: 82.49%
Ep 104| LR: 8.84e-04 | Train Loss: 1.5179 | Train Acc: 82.20% | Val Acc: 83.03%
Ep 105| LR: 8.82e-04 | Train Loss: 1.4005 | Train Acc: 85.70% | Val Acc: 83.35%
Ep 106| LR: 8.79e-04 | Train Loss: 1.4392 | Train Acc: 85.25% | Val Acc: 82.66%
Ep 107| LR: 8.76e-04 | Train Loss: 1.4237 | Train Acc: 85.29% | Val Acc: 83.97%
Ep 108| LR: 8.73e-04 | Train Loss: 1.4235 | Train Acc: 85.03% | Val Acc: 83.61%
Ep 109| LR: 8.71e-04 | Train Loss: 1.4062 | Train Acc: 85.78% | Val Acc: 84.08%
Ep 110| LR: 8.68e-04 | Train Loss: 1.4041 | Train Acc: 85.41% | Val Acc: 82.52%
Ep 111| LR: 8.65e-04 | Train Loss: 1.4479 | Train Acc: 85.46% | Val Acc: 82.99%
Ep 112| LR: 8.62e-04 | Train Loss: 1.4214 | Train Acc: 84.98% | Val Acc: 82.97%
Ep 113| LR: 8.59e-04 | Train Loss: 1.4151 | Train Acc: 85.58% | Val Acc: 82.81%
Ep 114| LR: 8.56e-04 | Train Loss: 1.3760 | Train Acc: 86.41% | Val Acc: 83.14%
Ep 115| LR: 8.54e-04 | Train Loss: 1.4137 | Train Acc: 85.49% | Val Acc: 83.21%
Ep 116| LR: 8.51e-04 | Train Loss: 1.3240 | Train Acc: 88.24% | Val Acc: 84.15%
Ep 117| LR: 8.48e-04 | Train Loss: 1.3632 | Train Acc: 86.40% | Val Acc: 83.28%
Ep 118| LR: 8.45e-04 | Train Loss: 1.3714 | Train Acc: 86.51% | Val Acc: 83.31%
Ep 119| LR: 8.42e-04 | Train Loss: 1.4366 | Train Acc: 84.99% | Val Acc: 82.98%
Ep 120| LR: 8.39e-04 | Train Loss: 1.3944 | Train Acc: 85.83% | Val Acc: 83.41%
Ep 121| LR: 8.36e-04 | Train Loss: 1.4189 | Train Acc: 85.21% | Val Acc: 83.21%
Ep 122| LR: 8.33e-04 | Train Loss: 1.3883 | Train Acc: 85.73% | Val Acc: 83.82%
Ep 123| LR: 8.29e-04 | Train Loss: 1.4054 | Train Acc: 86.17% | Val Acc: 83.92%
Ep 124| LR: 8.26e-04 | Train Loss: 1.3221 | Train Acc: 87.76% | Val Acc: 82.82%
Ep 125| LR: 8.23e-04 | Train Loss: 1.3320 | Train Acc: 87.80% | Val Acc: 83.83%
Ep 126| LR: 8.20e-04 | Train Loss: 1.3783 | Train Acc: 86.43% | Val Acc: 83.37%
Ep 127| LR: 8.17e-04 | Train Loss: 1.3946 | Train Acc: 86.42% | Val Acc: 83.50%
Ep 128| LR: 8.14e-04 | Train Loss: 1.3746 | Train Acc: 86.72% | Val Acc: 83.78%
Ep 129| LR: 8.10e-04 | Train Loss: 1.4711 | Train Acc: 84.92% | Val Acc: 83.05%
Ep 130| LR: 8.07e-04 | Train Loss: 1.4259 | Train Acc: 85.02% | Val Acc: 84.08%
Ep 131| LR: 8.04e-04 | Train Loss: 1.3802 | Train Acc: 85.84% | Val Acc: 83.81%
Ep 132| LR: 8.01e-04 | Train Loss: 1.4020 | Train Acc: 85.70% | Val Acc: 82.93%
Ep 133| LR: 7.97e-04 | Train Loss: 1.3053 | Train Acc: 87.99% | Val Acc: 83.91%
Ep 134| LR: 7.94e-04 | Train Loss: 1.4127 | Train Acc: 85.75% | Val Acc: 84.13%
Ep 135| LR: 7.91e-04 | Train Loss: 1.3521 | Train Acc: 86.71% | Val Acc: 84.83%
Ep 136| LR: 7.87e-04 | Train Loss: 1.4257 | Train Acc: 84.88% | Val Acc: 82.75%
Ep 137| LR: 7.84e-04 | Train Loss: 1.3687 | Train Acc: 86.08% | Val Acc: 83.35%
Ep 138| LR: 7.80e-04 | Train Loss: 1.4036 | Train Acc: 85.74% | Val Acc: 84.25%
Ep 139| LR: 7.77e-04 | Train Loss: 1.4055 | Train Acc: 85.28% | Val Acc: 83.83%
Ep 140| LR: 7.73e-04 | Train Loss: 1.3599 | Train Acc: 87.03% | Val Acc: 83.66%
Ep 141| LR: 7.70e-04 | Train Loss: 1.3038 | Train Acc: 87.87% | Val Acc: 84.55%
Ep 142| LR: 7.67e-04 | Train Loss: 1.3287 | Train Acc: 87.93% | Val Acc: 84.28%
Ep 143| LR: 7.63e-04 | Train Loss: 1.3910 | Train Acc: 85.92% | Val Acc: 83.61%
Ep 144| LR: 7.59e-04 | Train Loss: 1.2983 | Train Acc: 87.80% | Val Acc: 84.64%
Ep 145| LR: 7.56e-04 | Train Loss: 1.3941 | Train Acc: 86.45% | Val Acc: 83.55%
Ep 146| LR: 7.52e-04 | Train Loss: 1.3506 | Train Acc: 87.20% | Val Acc: 83.64%
Ep 147| LR: 7.49e-04 | Train Loss: 1.3221 | Train Acc: 88.20% | Val Acc: 83.80%
Ep 148| LR: 7.45e-04 | Train Loss: 1.4139 | Train Acc: 85.43% | Val Acc: 83.52%
Ep 149| LR: 7.42e-04 | Train Loss: 1.3113 | Train Acc: 88.33% | Val Acc: 83.04%
Ep 150| LR: 7.38e-04 | Train Loss: 1.3693 | Train Acc: 86.73% | Val Acc: 84.35%
Ep 151| LR: 7.34e-04 | Train Loss: 1.3802 | Train Acc: 86.14% | Val Acc: 84.22%
Ep 152| LR: 7.31e-04 | Train Loss: 1.3563 | Train Acc: 87.55% | Val Acc: 84.63%
Ep 153| LR: 7.27e-04 | Train Loss: 1.3756 | Train Acc: 86.58% | Val Acc: 83.94%
Ep 154| LR: 7.23e-04 | Train Loss: 1.3461 | Train Acc: 86.37% | Val Acc: 83.60%
Ep 155| LR: 7.20e-04 | Train Loss: 1.3498 | Train Acc: 86.91% | Val Acc: 84.31%
Ep 156| LR: 7.16e-04 | Train Loss: 1.3231 | Train Acc: 87.27% | Val Acc: 85.00%
Ep 157| LR: 7.12e-04 | Train Loss: 1.3338 | Train Acc: 87.36% | Val Acc: 83.74%
Ep 158| LR: 7.08e-04 | Train Loss: 1.3282 | Train Acc: 88.17% | Val Acc: 83.64%
Ep 159| LR: 7.05e-04 | Train Loss: 1.3814 | Train Acc: 86.28% | Val Acc: 84.50%
Ep 160| LR: 7.01e-04 | Train Loss: 1.3025 | Train Acc: 88.08% | Val Acc: 83.03%
Ep 161| LR: 6.97e-04 | Train Loss: 1.3790 | Train Acc: 86.95% | Val Acc: 83.76%
Ep 162| LR: 6.93e-04 | Train Loss: 1.3374 | Train Acc: 87.38% | Val Acc: 84.74%
Ep 163| LR: 6.89e-04 | Train Loss: 1.3304 | Train Acc: 88.13% | Val Acc: 83.78%
Ep 164| LR: 6.86e-04 | Train Loss: 1.3074 | Train Acc: 89.10% | Val Acc: 84.87%
Ep 165| LR: 6.82e-04 | Train Loss: 1.3544 | Train Acc: 87.02% | Val Acc: 83.32%
Ep 166| LR: 6.78e-04 | Train Loss: 1.3375 | Train Acc: 87.99% | Val Acc: 84.19%
Ep 167| LR: 6.74e-04 | Train Loss: 1.3544 | Train Acc: 86.76% | Val Acc: 84.61%
Ep 168| LR: 6.70e-04 | Train Loss: 1.3163 | Train Acc: 87.53% | Val Acc: 84.81%
Ep 169| LR: 6.66e-04 | Train Loss: 1.3715 | Train Acc: 86.63% | Val Acc: 84.52%
Ep 170| LR: 6.62e-04 | Train Loss: 1.3928 | Train Acc: 85.82% | Val Acc: 83.85%
Ep 171| LR: 6.58e-04 | Train Loss: 1.3189 | Train Acc: 87.67% | Val Acc: 84.91%
Ep 172| LR: 6.55e-04 | Train Loss: 1.2828 | Train Acc: 88.68% | Val Acc: 83.75%
Ep 173| LR: 6.51e-04 | Train Loss: 1.3365 | Train Acc: 87.27% | Val Acc: 83.39%
Ep 174| LR: 6.47e-04 | Train Loss: 1.3186 | Train Acc: 88.33% | Val Acc: 84.49%
Ep 175| LR: 6.43e-04 | Train Loss: 1.3205 | Train Acc: 88.17% | Val Acc: 85.02%
Ep 176| LR: 6.39e-04 | Train Loss: 1.3909 | Train Acc: 87.39% | Val Acc: 84.55%
Ep 177| LR: 6.35e-04 | Train Loss: 1.2454 | Train Acc: 89.80% | Val Acc: 84.78%
Ep 178| LR: 6.31e-04 | Train Loss: 1.3372 | Train Acc: 87.77% | Val Acc: 84.99%
Ep 179| LR: 6.27e-04 | Train Loss: 1.4060 | Train Acc: 85.86% | Val Acc: 84.61%
Ep 180| LR: 6.23e-04 | Train Loss: 1.2537 | Train Acc: 89.87% | Val Acc: 83.89%
Ep 181| LR: 6.19e-04 | Train Loss: 1.3128 | Train Acc: 88.02% | Val Acc: 84.36%
Ep 182| LR: 6.15e-04 | Train Loss: 1.3058 | Train Acc: 88.59% | Val Acc: 84.48%
Ep 183| LR: 6.11e-04 | Train Loss: 1.2898 | Train Acc: 88.78% | Val Acc: 84.67%
Ep 184| LR: 6.07e-04 | Train Loss: 1.2709 | Train Acc: 89.01% | Val Acc: 85.49%
Ep 185| LR: 6.03e-04 | Train Loss: 1.3039 | Train Acc: 88.44% | Val Acc: 84.92%
Ep 186| LR: 5.99e-04 | Train Loss: 1.3254 | Train Acc: 87.77% | Val Acc: 84.08%
Ep 187| LR: 5.95e-04 | Train Loss: 1.2833 | Train Acc: 88.58% | Val Acc: 85.17%
Ep 188| LR: 5.90e-04 | Train Loss: 1.3271 | Train Acc: 87.81% | Val Acc: 84.85%
Ep 189| LR: 5.86e-04 | Train Loss: 1.3214 | Train Acc: 88.00% | Val Acc: 83.66%
Ep 190| LR: 5.82e-04 | Train Loss: 1.2502 | Train Acc: 89.94% | Val Acc: 83.96%
Ep 191| LR: 5.78e-04 | Train Loss: 1.2921 | Train Acc: 88.83% | Val Acc: 84.83%
Ep 192| LR: 5.74e-04 | Train Loss: 1.3027 | Train Acc: 89.03% | Val Acc: 84.60%
Ep 193| LR: 5.70e-04 | Train Loss: 1.3028 | Train Acc: 88.96% | Val Acc: 85.37%
Ep 194| LR: 5.66e-04 | Train Loss: 1.3589 | Train Acc: 87.08% | Val Acc: 84.27%
Ep 195| LR: 5.62e-04 | Train Loss: 1.2866 | Train Acc: 88.39% | Val Acc: 85.03%
Ep 196| LR: 5.58e-04 | Train Loss: 1.3203 | Train Acc: 88.45% | Val Acc: 85.00%
Ep 197| LR: 5.54e-04 | Train Loss: 1.2806 | Train Acc: 89.19% | Val Acc: 85.45%
Ep 198| LR: 5.50e-04 | Train Loss: 1.3301 | Train Acc: 87.81% | Val Acc: 83.37%
Ep 199| LR: 5.45e-04 | Train Loss: 1.3050 | Train Acc: 89.06% | Val Acc: 84.77%
Ep 200| LR: 5.41e-04 | Train Loss: 1.2594 | Train Acc: 89.32% | Val Acc: 84.75%
Ep 201| LR: 5.37e-04 | Train Loss: 1.2821 | Train Acc: 88.44% | Val Acc: 84.81%
Ep 202| LR: 5.33e-04 | Train Loss: 1.3054 | Train Acc: 88.47% | Val Acc: 84.75%
Ep 203| LR: 5.29e-04 | Train Loss: 1.2478 | Train Acc: 90.58% | Val Acc: 85.11%
Ep 204| LR: 5.25e-04 | Train Loss: 1.2328 | Train Acc: 89.67% | Val Acc: 84.92%
Ep 205| LR: 5.21e-04 | Train Loss: 1.3315 | Train Acc: 87.08% | Val Acc: 85.15%
Ep 206| LR: 5.17e-04 | Train Loss: 1.2625 | Train Acc: 88.61% | Val Acc: 84.61%
Ep 207| LR: 5.12e-04 | Train Loss: 1.3451 | Train Acc: 87.28% | Val Acc: 85.02%
Ep 208| LR: 5.08e-04 | Train Loss: 1.3061 | Train Acc: 88.91% | Val Acc: 84.67%
Ep 209| LR: 5.04e-04 | Train Loss: 1.2991 | Train Acc: 87.69% | Val Acc: 85.42%
Ep 210| LR: 5.00e-04 | Train Loss: 1.2700 | Train Acc: 88.99% | Val Acc: 84.61%
Ep 211| LR: 4.96e-04 | Train Loss: 1.2156 | Train Acc: 90.91% | Val Acc: 85.14%
Ep 212| LR: 4.92e-04 | Train Loss: 1.3000 | Train Acc: 87.86% | Val Acc: 84.93%
Ep 213| LR: 4.88e-04 | Train Loss: 1.2763 | Train Acc: 89.03% | Val Acc: 85.16%
Ep 214| LR: 4.83e-04 | Train Loss: 1.2903 | Train Acc: 88.78% | Val Acc: 85.09%
Ep 215| LR: 4.79e-04 | Train Loss: 1.2602 | Train Acc: 89.54% | Val Acc: 85.47%
Ep 216| LR: 4.75e-04 | Train Loss: 1.3174 | Train Acc: 87.84% | Val Acc: 84.81%
Ep 217| LR: 4.71e-04 | Train Loss: 1.2488 | Train Acc: 90.41% | Val Acc: 85.83%
Ep 218| LR: 4.67e-04 | Train Loss: 1.2277 | Train Acc: 90.66% | Val Acc: 85.33%
Ep 219| LR: 4.63e-04 | Train Loss: 1.2779 | Train Acc: 89.45% | Val Acc: 85.45%
Ep 220| LR: 4.59e-04 | Train Loss: 1.2737 | Train Acc: 88.53% | Val Acc: 85.49%
Ep 221| LR: 4.55e-04 | Train Loss: 1.2720 | Train Acc: 89.49% | Val Acc: 84.80%
Ep 222| LR: 4.50e-04 | Train Loss: 1.2735 | Train Acc: 89.93% | Val Acc: 85.03%
Ep 223| LR: 4.46e-04 | Train Loss: 1.2646 | Train Acc: 89.25% | Val Acc: 85.77%
Ep 224| LR: 4.42e-04 | Train Loss: 1.2837 | Train Acc: 89.06% | Val Acc: 85.69%
Ep 225| LR: 4.38e-04 | Train Loss: 1.2880 | Train Acc: 88.66% | Val Acc: 85.84%
Ep 226| LR: 4.34e-04 | Train Loss: 1.2202 | Train Acc: 90.54% | Val Acc: 85.54%
Ep 227| LR: 4.30e-04 | Train Loss: 1.2539 | Train Acc: 89.36% | Val Acc: 85.33%
Ep 228| LR: 4.26e-04 | Train Loss: 1.2425 | Train Acc: 90.28% | Val Acc: 84.41%
Ep 229| LR: 4.22e-04 | Train Loss: 1.2183 | Train Acc: 90.46% | Val Acc: 85.42%
Ep 230| LR: 4.18e-04 | Train Loss: 1.2211 | Train Acc: 90.61% | Val Acc: 85.99%
Ep 231| LR: 4.14e-04 | Train Loss: 1.3591 | Train Acc: 86.41% | Val Acc: 84.83%
Ep 232| LR: 4.10e-04 | Train Loss: 1.2620 | Train Acc: 89.58% | Val Acc: 85.84%
Ep 233| LR: 4.05e-04 | Train Loss: 1.2179 | Train Acc: 89.91% | Val Acc: 84.99%
Ep 234| LR: 4.01e-04 | Train Loss: 1.3018 | Train Acc: 88.17% | Val Acc: 85.94%
Ep 235| LR: 3.97e-04 | Train Loss: 1.2495 | Train Acc: 89.51% | Val Acc: 84.66%
Ep 236| LR: 3.93e-04 | Train Loss: 1.2318 | Train Acc: 90.28% | Val Acc: 85.69%
Ep 237| LR: 3.89e-04 | Train Loss: 1.2410 | Train Acc: 89.95% | Val Acc: 85.31%
Ep 238| LR: 3.85e-04 | Train Loss: 1.2610 | Train Acc: 90.16% | Val Acc: 85.04%
Ep 239| LR: 3.81e-04 | Train Loss: 1.2734 | Train Acc: 89.51% | Val Acc: 85.77%
Ep 240| LR: 3.77e-04 | Train Loss: 1.3076 | Train Acc: 87.68% | Val Acc: 86.03%
Ep 241| LR: 3.73e-04 | Train Loss: 1.2051 | Train Acc: 90.76% | Val Acc: 85.58%
Ep 242| LR: 3.69e-04 | Train Loss: 1.2525 | Train Acc: 90.26% | Val Acc: 85.64%
Ep 243| LR: 3.65e-04 | Train Loss: 1.2623 | Train Acc: 89.68% | Val Acc: 85.25%
Ep 244| LR: 3.61e-04 | Train Loss: 1.2063 | Train Acc: 91.07% | Val Acc: 85.64%
Ep 245| LR: 3.57e-04 | Train Loss: 1.2980 | Train Acc: 88.59% | Val Acc: 86.16%
Ep 246| LR: 3.53e-04 | Train Loss: 1.2010 | Train Acc: 91.35% | Val Acc: 85.61%
Ep 247| LR: 3.49e-04 | Train Loss: 1.2817 | Train Acc: 88.47% | Val Acc: 85.52%
Ep 248| LR: 3.45e-04 | Train Loss: 1.2917 | Train Acc: 89.31% | Val Acc: 85.52%
Ep 249| LR: 3.42e-04 | Train Loss: 1.2683 | Train Acc: 89.17% | Val Acc: 84.36%
Ep 250| LR: 3.38e-04 | Train Loss: 1.2256 | Train Acc: 90.37% | Val Acc: 86.09%
Ep 251| LR: 3.34e-04 | Train Loss: 1.3163 | Train Acc: 88.59% | Val Acc: 86.04%
Ep 252| LR: 3.30e-04 | Train Loss: 1.2231 | Train Acc: 89.91% | Val Acc: 86.14%
Ep 253| LR: 3.26e-04 | Train Loss: 1.2099 | Train Acc: 90.87% | Val Acc: 85.37%
Ep 254| LR: 3.22e-04 | Train Loss: 1.2096 | Train Acc: 90.71% | Val Acc: 85.53%
Ep 255| LR: 3.18e-04 | Train Loss: 1.2196 | Train Acc: 91.24% | Val Acc: 85.91%
Ep 256| LR: 3.14e-04 | Train Loss: 1.2058 | Train Acc: 90.57% | Val Acc: 85.50%
Ep 257| LR: 3.11e-04 | Train Loss: 1.1999 | Train Acc: 91.34% | Val Acc: 85.42%
Ep 258| LR: 3.07e-04 | Train Loss: 1.2895 | Train Acc: 88.48% | Val Acc: 85.45%
Ep 259| LR: 3.03e-04 | Train Loss: 1.2175 | Train Acc: 90.58% | Val Acc: 86.05%
Ep 260| LR: 2.99e-04 | Train Loss: 1.2244 | Train Acc: 91.02% | Val Acc: 85.65%
Ep 261| LR: 2.95e-04 | Train Loss: 1.1945 | Train Acc: 91.69% | Val Acc: 85.65%
Ep 262| LR: 2.92e-04 | Train Loss: 1.1804 | Train Acc: 90.90% | Val Acc: 85.50%
Ep 263| LR: 2.88e-04 | Train Loss: 1.2346 | Train Acc: 90.20% | Val Acc: 86.54%
Ep 264| LR: 2.84e-04 | Train Loss: 1.1794 | Train Acc: 91.70% | Val Acc: 85.77%
Ep 265| LR: 2.80e-04 | Train Loss: 1.2963 | Train Acc: 87.74% | Val Acc: 85.75%
Ep 266| LR: 2.77e-04 | Train Loss: 1.2181 | Train Acc: 91.00% | Val Acc: 85.56%
Ep 267| LR: 2.73e-04 | Train Loss: 1.1692 | Train Acc: 92.43% | Val Acc: 85.35%
Ep 268| LR: 2.69e-04 | Train Loss: 1.1675 | Train Acc: 92.55% | Val Acc: 85.98%
Ep 269| LR: 2.66e-04 | Train Loss: 1.2229 | Train Acc: 90.72% | Val Acc: 85.91%
Ep 270| LR: 2.62e-04 | Train Loss: 1.2262 | Train Acc: 90.14% | Val Acc: 86.05%
Ep 271| LR: 2.58e-04 | Train Loss: 1.2242 | Train Acc: 89.50% | Val Acc: 85.47%
Ep 272| LR: 2.55e-04 | Train Loss: 1.2459 | Train Acc: 88.99% | Val Acc: 86.20%
Ep 273| LR: 2.51e-04 | Train Loss: 1.2121 | Train Acc: 90.85% | Val Acc: 85.77%
Ep 274| LR: 2.48e-04 | Train Loss: 1.1990 | Train Acc: 90.60% | Val Acc: 85.72%
Ep 275| LR: 2.44e-04 | Train Loss: 1.2013 | Train Acc: 91.15% | Val Acc: 86.22%
Ep 276| LR: 2.41e-04 | Train Loss: 1.1955 | Train Acc: 90.22% | Val Acc: 86.14%
Ep 277| LR: 2.37e-04 | Train Loss: 1.2447 | Train Acc: 89.60% | Val Acc: 86.21%
Ep 278| LR: 2.33e-04 | Train Loss: 1.2167 | Train Acc: 90.39% | Val Acc: 86.39%
Ep 279| LR: 2.30e-04 | Train Loss: 1.1628 | Train Acc: 91.24% | Val Acc: 85.99%
Ep 280| LR: 2.27e-04 | Train Loss: 1.1921 | Train Acc: 91.47% | Val Acc: 86.06%
Ep 281| LR: 2.23e-04 | Train Loss: 1.1710 | Train Acc: 92.10% | Val Acc: 87.15%
Ep 282| LR: 2.20e-04 | Train Loss: 1.2183 | Train Acc: 91.35% | Val Acc: 86.48%
Ep 283| LR: 2.16e-04 | Train Loss: 1.2219 | Train Acc: 90.61% | Val Acc: 86.09%
Ep 284| LR: 2.13e-04 | Train Loss: 1.1744 | Train Acc: 91.79% | Val Acc: 85.95%
Ep 285| LR: 2.09e-04 | Train Loss: 1.1867 | Train Acc: 91.97% | Val Acc: 85.92%
Ep 286| LR: 2.06e-04 | Train Loss: 1.1273 | Train Acc: 92.58% | Val Acc: 86.39%
Ep 287| LR: 2.03e-04 | Train Loss: 1.2096 | Train Acc: 90.83% | Val Acc: 86.55%
Ep 288| LR: 1.99e-04 | Train Loss: 1.2697 | Train Acc: 88.78% | Val Acc: 86.19%
Ep 289| LR: 1.96e-04 | Train Loss: 1.2131 | Train Acc: 90.75% | Val Acc: 86.39%
Ep 290| LR: 1.93e-04 | Train Loss: 1.2098 | Train Acc: 90.18% | Val Acc: 86.17%
Ep 291| LR: 1.90e-04 | Train Loss: 1.2154 | Train Acc: 90.08% | Val Acc: 86.30%
Ep 292| LR: 1.86e-04 | Train Loss: 1.1702 | Train Acc: 91.27% | Val Acc: 86.55%
Ep 293| LR: 1.83e-04 | Train Loss: 1.2721 | Train Acc: 89.00% | Val Acc: 86.30%
Ep 294| LR: 1.80e-04 | Train Loss: 1.2382 | Train Acc: 90.19% | Val Acc: 86.64%
Ep 295| LR: 1.77e-04 | Train Loss: 1.1191 | Train Acc: 93.49% | Val Acc: 86.26%
Ep 296| LR: 1.74e-04 | Train Loss: 1.1592 | Train Acc: 91.83% | Val Acc: 86.73%
Ep 297| LR: 1.71e-04 | Train Loss: 1.2063 | Train Acc: 89.67% | Val Acc: 87.15%
Ep 298| LR: 1.67e-04 | Train Loss: 1.2309 | Train Acc: 89.54% | Val Acc: 86.63%
Ep 299| LR: 1.64e-04 | Train Loss: 1.1981 | Train Acc: 90.98% | Val Acc: 86.83%
Ep 300| LR: 1.61e-04 | Train Loss: 1.2596 | Train Acc: 89.52% | Val Acc: 86.14%
Ep 301| LR: 1.58e-04 | Train Loss: 1.2194 | Train Acc: 90.54% | Val Acc: 86.39%
Ep 302| LR: 1.55e-04 | Train Loss: 1.1841 | Train Acc: 91.56% | Val Acc: 86.34%
Ep 303| LR: 1.52e-04 | Train Loss: 1.1830 | Train Acc: 92.71% | Val Acc: 86.89%
Ep 304| LR: 1.49e-04 | Train Loss: 1.1841 | Train Acc: 91.37% | Val Acc: 86.65%
Ep 305| LR: 1.46e-04 | Train Loss: 1.1847 | Train Acc: 91.72% | Val Acc: 86.65%
Ep 306| LR: 1.44e-04 | Train Loss: 1.2121 | Train Acc: 90.71% | Val Acc: 86.55%
Ep 307| LR: 1.41e-04 | Train Loss: 1.2356 | Train Acc: 90.28% | Val Acc: 86.75%
Ep 308| LR: 1.38e-04 | Train Loss: 1.2257 | Train Acc: 90.51% | Val Acc: 86.60%
Ep 309| LR: 1.35e-04 | Train Loss: 1.1866 | Train Acc: 91.11% | Val Acc: 86.58%
Ep 310| LR: 1.32e-04 | Train Loss: 1.1815 | Train Acc: 91.26% | Val Acc: 86.73%
Ep 311| LR: 1.29e-04 | Train Loss: 1.1494 | Train Acc: 92.39% | Val Acc: 86.72%
Ep 312| LR: 1.27e-04 | Train Loss: 1.1741 | Train Acc: 91.95% | Val Acc: 86.55%
Ep 313| LR: 1.24e-04 | Train Loss: 1.1371 | Train Acc: 92.22% | Val Acc: 86.71%
Ep 314| LR: 1.21e-04 | Train Loss: 1.1662 | Train Acc: 91.34% | Val Acc: 86.61%
Ep 315| LR: 1.18e-04 | Train Loss: 1.1913 | Train Acc: 91.40% | Val Acc: 87.00%
Ep 316| LR: 1.16e-04 | Train Loss: 1.1927 | Train Acc: 90.74% | Val Acc: 86.52%
Ep 317| LR: 1.13e-04 | Train Loss: 1.1466 | Train Acc: 92.44% | Val Acc: 86.69%
Ep 318| LR: 1.11e-04 | Train Loss: 1.1231 | Train Acc: 92.61% | Val Acc: 86.99%
Ep 319| LR: 1.08e-04 | Train Loss: 1.2053 | Train Acc: 90.26% | Val Acc: 86.97%
Ep 320| LR: 1.05e-04 | Train Loss: 1.1976 | Train Acc: 90.99% | Val Acc: 86.43%
Ep 321| LR: 1.03e-04 | Train Loss: 1.1832 | Train Acc: 90.25% | Val Acc: 86.53%
Ep 322| LR: 1.00e-04 | Train Loss: 1.2045 | Train Acc: 91.29% | Val Acc: 86.52%
Ep 323| LR: 9.79e-05 | Train Loss: 1.1635 | Train Acc: 91.73% | Val Acc: 86.81%
Ep 324| LR: 9.55e-05 | Train Loss: 1.1553 | Train Acc: 92.03% | Val Acc: 86.87%
Ep 325| LR: 9.31e-05 | Train Loss: 1.2034 | Train Acc: 91.24% | Val Acc: 86.39%
Ep 326| LR: 9.07e-05 | Train Loss: 1.1590 | Train Acc: 91.73% | Val Acc: 86.39%
Ep 327| LR: 8.83e-05 | Train Loss: 1.1273 | Train Acc: 93.33% | Val Acc: 86.72%
Ep 328| LR: 8.60e-05 | Train Loss: 1.1741 | Train Acc: 91.92% | Val Acc: 86.60%
Ep 329| LR: 8.37e-05 | Train Loss: 1.1677 | Train Acc: 92.09% | Val Acc: 86.64%
Ep 330| LR: 8.14e-05 | Train Loss: 1.1812 | Train Acc: 90.87% | Val Acc: 86.75%
Ep 331| LR: 7.92e-05 | Train Loss: 1.1960 | Train Acc: 89.91% | Val Acc: 86.48%
Ep 332| LR: 7.70e-05 | Train Loss: 1.1813 | Train Acc: 91.68% | Val Acc: 86.92%
Ep 333| LR: 7.48e-05 | Train Loss: 1.1669 | Train Acc: 91.79% | Val Acc: 86.80%
Ep 334| LR: 7.26e-05 | Train Loss: 1.1400 | Train Acc: 92.85% | Val Acc: 86.73%
Ep 335| LR: 7.05e-05 | Train Loss: 1.1468 | Train Acc: 92.10% | Val Acc: 86.59%
Ep 336| LR: 6.84e-05 | Train Loss: 1.1344 | Train Acc: 92.50% | Val Acc: 86.64%
Ep 337| LR: 6.63e-05 | Train Loss: 1.2231 | Train Acc: 90.46% | Val Acc: 86.78%
Ep 338| LR: 6.43e-05 | Train Loss: 1.1168 | Train Acc: 93.10% | Val Acc: 86.63%
Ep 339| LR: 6.22e-05 | Train Loss: 1.1786 | Train Acc: 91.38% | Val Acc: 86.61%
Ep 340| LR: 6.03e-05 | Train Loss: 1.1810 | Train Acc: 91.85% | Val Acc: 86.93%
Ep 341| LR: 5.83e-05 | Train Loss: 1.1774 | Train Acc: 91.65% | Val Acc: 86.81%
Ep 342| LR: 5.64e-05 | Train Loss: 1.2000 | Train Acc: 91.30% | Val Acc: 86.64%
Ep 343| LR: 5.45e-05 | Train Loss: 1.2068 | Train Acc: 91.29% | Val Acc: 86.72%
Ep 344| LR: 5.26e-05 | Train Loss: 1.1612 | Train Acc: 92.14% | Val Acc: 87.15%
Ep 345| LR: 5.08e-05 | Train Loss: 1.1731 | Train Acc: 92.17% | Val Acc: 86.64%
Ep 346| LR: 4.90e-05 | Train Loss: 1.1932 | Train Acc: 90.99% | Val Acc: 86.60%
Ep 347| LR: 4.72e-05 | Train Loss: 1.0896 | Train Acc: 92.94% | Val Acc: 86.70%
Ep 348| LR: 4.55e-05 | Train Loss: 1.1694 | Train Acc: 91.97% | Val Acc: 86.41%
Ep 349| LR: 4.38e-05 | Train Loss: 1.1361 | Train Acc: 92.47% | Val Acc: 87.09%
Ep 350| LR: 4.21e-05 | Train Loss: 1.1859 | Train Acc: 91.79% | Val Acc: 86.87%
Ep 351| LR: 4.05e-05 | Train Loss: 1.1445 | Train Acc: 92.07% | Val Acc: 86.69%
Ep 352| LR: 3.89e-05 | Train Loss: 1.1731 | Train Acc: 91.90% | Val Acc: 86.86%
Ep 353| LR: 3.73e-05 | Train Loss: 1.1742 | Train Acc: 91.48% | Val Acc: 86.91%
Ep 354| LR: 3.57e-05 | Train Loss: 1.1255 | Train Acc: 93.75% | Val Acc: 86.94%
Ep 355| LR: 3.42e-05 | Train Loss: 1.1513 | Train Acc: 92.65% | Val Acc: 86.83%
Ep 356| LR: 3.27e-05 | Train Loss: 1.1679 | Train Acc: 91.03% | Val Acc: 87.20%
Ep 357| LR: 3.13e-05 | Train Loss: 1.1825 | Train Acc: 91.63% | Val Acc: 86.89%
Ep 358| LR: 2.98e-05 | Train Loss: 1.2267 | Train Acc: 90.43% | Val Acc: 87.17%
Ep 359| LR: 2.84e-05 | Train Loss: 1.1833 | Train Acc: 91.76% | Val Acc: 87.13%
Ep 360| LR: 2.71e-05 | Train Loss: 1.1568 | Train Acc: 92.63% | Val Acc: 86.88%
Ep 361| LR: 2.58e-05 | Train Loss: 1.1618 | Train Acc: 92.87% | Val Acc: 87.11%
Ep 362| LR: 2.45e-05 | Train Loss: 1.1735 | Train Acc: 91.41% | Val Acc: 86.98%
Ep 363| LR: 2.32e-05 | Train Loss: 1.1859 | Train Acc: 91.24% | Val Acc: 87.11%
Ep 364| LR: 2.20e-05 | Train Loss: 1.1883 | Train Acc: 91.07% | Val Acc: 87.42%
Ep 365| LR: 2.08e-05 | Train Loss: 1.1619 | Train Acc: 91.46% | Val Acc: 86.92%
Ep 366| LR: 1.96e-05 | Train Loss: 1.1436 | Train Acc: 92.45% | Val Acc: 87.21%
Ep 367| LR: 1.85e-05 | Train Loss: 1.1354 | Train Acc: 92.66% | Val Acc: 87.00%
Ep 368| LR: 1.74e-05 | Train Loss: 1.1397 | Train Acc: 92.68% | Val Acc: 87.09%
Ep 369| LR: 1.63e-05 | Train Loss: 1.2202 | Train Acc: 91.03% | Val Acc: 87.00%
Ep 370| LR: 1.53e-05 | Train Loss: 1.1083 | Train Acc: 93.12% | Val Acc: 86.98%
Ep 371| LR: 1.43e-05 | Train Loss: 1.1903 | Train Acc: 91.86% | Val Acc: 87.04%
Ep 372| LR: 1.33e-05 | Train Loss: 1.1431 | Train Acc: 93.00% | Val Acc: 87.03%
Ep 373| LR: 1.24e-05 | Train Loss: 1.1456 | Train Acc: 92.65% | Val Acc: 86.87%
Ep 374| LR: 1.15e-05 | Train Loss: 1.1306 | Train Acc: 92.75% | Val Acc: 87.19%
Ep 375| LR: 1.06e-05 | Train Loss: 1.1660 | Train Acc: 92.57% | Val Acc: 87.23%
Ep 376| LR: 9.81e-06 | Train Loss: 1.1272 | Train Acc: 93.29% | Val Acc: 87.05%
Ep 377| LR: 9.01e-06 | Train Loss: 1.1400 | Train Acc: 93.27% | Val Acc: 87.20%
Ep 378| LR: 8.25e-06 | Train Loss: 1.1907 | Train Acc: 91.04% | Val Acc: 87.11%
Ep 379| LR: 7.52e-06 | Train Loss: 1.1106 | Train Acc: 93.29% | Val Acc: 87.05%
Ep 380| LR: 6.82e-06 | Train Loss: 1.1293 | Train Acc: 93.15% | Val Acc: 87.09%
Ep 381| LR: 6.16e-06 | Train Loss: 1.1599 | Train Acc: 91.21% | Val Acc: 87.10%
Ep 382| LR: 5.53e-06 | Train Loss: 1.1681 | Train Acc: 91.57% | Val Acc: 87.11%
Ep 383| LR: 4.93e-06 | Train Loss: 1.1300 | Train Acc: 92.72% | Val Acc: 87.09%
Ep 384| LR: 4.37e-06 | Train Loss: 1.1000 | Train Acc: 93.50% | Val Acc: 87.08%
Ep 385| LR: 3.84e-06 | Train Loss: 1.1705 | Train Acc: 92.05% | Val Acc: 87.08%
Ep 386| LR: 3.35e-06 | Train Loss: 1.2226 | Train Acc: 90.63% | Val Acc: 87.13%
Ep 387| LR: 2.88e-06 | Train Loss: 1.1422 | Train Acc: 92.99% | Val Acc: 87.31%
Ep 388| LR: 2.46e-06 | Train Loss: 1.2045 | Train Acc: 90.63% | Val Acc: 86.92%
Ep 389| LR: 2.07e-06 | Train Loss: 1.1043 | Train Acc: 93.63% | Val Acc: 87.04%
Ep 390| LR: 1.71e-06 | Train Loss: 1.1440 | Train Acc: 92.88% | Val Acc: 86.97%
Ep 391| LR: 1.38e-06 | Train Loss: 1.1676 | Train Acc: 91.87% | Val Acc: 87.09%
Ep 392| LR: 1.09e-06 | Train Loss: 1.1163 | Train Acc: 93.28% | Val Acc: 87.11%
Ep 393| LR: 8.37e-07 | Train Loss: 1.1578 | Train Acc: 92.17% | Val Acc: 87.10%
Ep 394| LR: 6.15e-07 | Train Loss: 1.1272 | Train Acc: 92.67% | Val Acc: 87.08%
Ep 395| LR: 4.27e-07 | Train Loss: 1.1611 | Train Acc: 91.55% | Val Acc: 86.97%
Ep 396| LR: 2.73e-07 | Train Loss: 1.1053 | Train Acc: 92.75% | Val Acc: 87.17%
Ep 397| LR: 1.54e-07 | Train Loss: 1.1612 | Train Acc: 91.83% | Val Acc: 87.23%
Ep 398| LR: 6.83e-08 | Train Loss: 1.1841 | Train Acc: 91.08% | Val Acc: 87.16%
Ep 399| LR: 1.71e-08 | Train Loss: 1.1915 | Train Acc: 91.90% | Val Acc: 87.09%
Ep 400| LR: 0.00e+00 | Train Loss: 1.0902 | Train Acc: 93.19% | Val Acc: 87.05%
Epoch 400 [Val] Loss: 1.1531 | Acc: 87.05%
